Case #1:
GGG
CCC
JJJ
Case #2:
CODE
CODE
JJAM
Case #3:
CA
KE
Case #4:
EBB
ACD
Case #5:
BGFI
CDEH
AAAA
Case #6:
EEE
CCB
AFF
DDD
Case #7:
HHK
GDI
CJE
ABF
Case #8:
AB
AB
Case #9:
CCJJ
CCJJ
CCJJ
Case #10:
AEE
BBB
DDF
CCC
Case #11:
FABC
EHGG
DDDD
Case #12:
ABB
DCC
EEE
EEE
Case #13:
DDEE
CCCC
AAAB
Case #14:
CFL
GBA
KDH
EJI
Case #15:
FFD
AAA
CCE
BBB
Case #16:
CKDG
BLEI
AHFJ
Case #17:
AABB
EEEC
DDDD
Case #18:
BBDD
EEEE
CAAA
Case #19:
AAA
CEE
BFF
DDD
Case #20:
EHDL
JFIA
BKGC
Case #21:
AAAA
BBBB
CCCC
Case #22:
BAAA
HFII
CGDE
Case #23:
EEEC
BBBB
AAAD
Case #24:
ADD
BBB
CCE
Case #25:
DDEE
BBHC
FIAG
Case #26:
EEC
BBB
FFF
AAD
Case #27:
AB
Case #28:
ADCC
EEEE
BBBB
Case #29:
AA
Case #30:
CCB
AAA
Case #31:
BAA
BAA
Case #32:
CCC
BBE
DDA
FFF
Case #33:
CCCC
EEEB
DDAA
Case #34:
CA
BB
Case #35:
DDDB
AAAA
CCEE
Case #36:
BBBB
AAAA
Case #37:
GHI
CBD
EKF
AAJ
Case #38:
EEE
CAA
CAA
FBD
Case #39:
BBBB
CCAA
FFDE
Case #40:
AA
AA
Case #41:
AAA
Case #42:
FEG
DBA
CCC
CCC
Case #43:
BAGD
ECFF
ECFF
Case #44:
FFF
FFF
BAA
CDE
Case #45:
BBB
ICC
GHE
FAD
Case #46:
ABCD
ABCD
ABCD
Case #47:
BEA
GFD
CCC
CCC
Case #48:
FEA
FEA
CCC
BBD
Case #49:
EBB
GFK
DJH
IAC
Case #50:
ABC
DDD
EEE
Case #51:
AAA
AAA
Case #52:
DBCC
AAAA
EEEE
Case #53:
ABC
Case #54:
ECA
DDD
FFF
BBB
Case #55:
FFB
EDA
CCC
CCC
Case #56:
GHKD
IABF
CCJE
Case #57:
CCEA
DDDD
BBBB
Case #58:
AAAA
BBBB
CCCC
Case #59:
BBAD
EEEE
CCCC
Case #60:
AABB
CCCD
EEFF
Case #61:
AABC
KIJG
FEDH
Case #62:
A
A
B
B
C
C
D
D
E
E
F
F
Case #63:
AABBCCDDEEFF
Case #64:
AAAA
BBBB
CCCC
Case #65:
EEE
EEE
BBB
ADC
Case #66:
FDHA
BECC
GGGG
Case #67:
AAB
CCC
DDE
FFF
Case #68:
JCEF
DBHI
AAAG
Case #69:
BBB
BBB
ACF
DGE
Case #70:
EEEI
FFAC
HDBG
Case #71:
DDB
AAE
CCC
CCC
Case #72:
BCC
EAF
DDD
DDD
Case #73:
ABCD
ABCD
ABCD
Case #74:
AABBCC
DDDEEF
Case #75:
AA
BB
CC
DD
EE
FF
Case #76:
FFF
EEC
DDD
BAA
Case #77:
ABCD
ABCD
ABCD
Case #78:
A
Case #79:
A
B
Case #80:
AAB
Case #81:
AAAA
BBBB
CCCC
Case #82:
EEEE
ABCC
DDDD
Case #83:
HFEK
GIBJ
CCAD
Case #84:
AAAA
CCCE
BBDD
Case #85:
A
A
Case #86:
EEED
CCBB
AAAA
Case #87:
ACCC
EEEE
BBDF
Case #88:
CAD
BBB
Case #89:
DDD
DDD
FEE
ACB
Case #90:
EEEE
DAAA
CCCB
Case #91:
BDC
FFF
EAA
EAA
Case #92:
DDDE
CCCC
AABB
Case #93:
AAB
CCC
DDD
EEF
Case #94:
FAB
CDE
Case #95:
EAA
CKJ
GID
HFB
Case #96:
DFF
CCC
EEE
AAB
Case #97:
AA
AA
AA
BB
Case #98:
BC
BC
EE
EE
DD
AA
Case #99:
FFF
CCC
BED
AAA
Case #100:
AD
CB
